<?xml version="1.0" encoding="UTF-8"?>
<!-- Generated by org.testng.reporters.JUnitXMLReporter -->
<testsuite ignored="0" hostname="CISPL-IO-199.local" failures="1" tests="1" name="Test" time="2.648" errors="0" timestamp="2024-02-29T18:48:22 IST">
  <testcase classname="Test.BaseTest" name="Tracking" time="2.275">
    <failure type="java.lang.AssertionError" message="expected [true] but found [false]">
      <![CDATA[java.lang.AssertionError: expected [true] but found [false]
at Test.BaseTest.Tracking(BaseTest.java:32)
at java.base/java.util.ArrayList.forEach(ArrayList.java:1596)
... Removed 31 stack frames]]>
    </failure>
  </testcase> <!-- Tracking -->
</testsuite> <!-- Test -->
