<?xml version="1.0" encoding="UTF-8"?>
<testng-results ignored="0" total="1" passed="1" failed="0" skipped="0">
  <reporter-output>
  </reporter-output>
  <suite started-at="2024-03-11T17:46:34 IST" name="Suite" finished-at="2024-03-11T17:46:37 IST" duration-ms="2477">
    <groups>
    </groups>
    <test started-at="2024-03-11T17:46:34 IST" name="Test" finished-at="2024-03-11T17:46:37 IST" duration-ms="2477">
      <class name="Test.BaseTest">
        <test-method signature="SignUpPageTest()[pri:1, instance:Test.BaseTest@615f972]" started-at="2024-03-11T17:46:34 IST" name="SignUpPageTest" finished-at="2024-03-11T17:46:37 IST" duration-ms="2421" status="PASS">
          <reporter-output>
          </reporter-output>
        </test-method> <!-- SignUpPageTest -->
      </class> <!-- Test.BaseTest -->
    </test> <!-- Test -->
  </suite> <!-- Suite -->
</testng-results>
